Simulating with QF: 0.5, QN1: 560000.0, QN2: 950000.0, QC: 3.0 -> H2S: 0.106, NH3: 13.633
Simulating with QF: 0.5, QN1: 560000.0, QN2: 950000.0, QC: 3.0 -> H2S: 0.106, NH3: 13.633
Simulating with QF: 0.5, QN1: 560000.0, QN2: 950000.0, QC: 3.0 -> H2S: 0.106, NH3: 13.633
Simulating with QF: 0.5, QN1: 560000.0, QN2: 950000.0, QC: 3.0 -> H2S: 0.106, NH3: 13.633
Simulating with QF: 0.5, QN1: 660000.0, QN2: 950000.0, QC: 3.0 -> H2S: 0.024, NH3: 7.697
Simulating with QF: 0.5, QN1: 660000.0, QN2: 950000.0, QC: 3.0 -> H2S: 0.024, NH3: 7.697
Simulating with QF: 0.5, QN1: 560000.0, QN2: 1050000.0, QC: 3.0 -> H2S: 0.044, NH3: 9.108
Simulating with QF: 0.5, QN1: 560000.0, QN2: 1050000.0, QC: 3.0 -> H2S: 0.044, NH3: 9.108
Simulating with QF: 0.5, QN1: 560000.0, QN2: 950000.0, QC: 4.0 -> H2S: 0.108, NH3: 13.625
Simulating with QF: 0.5, QN1: 560000.0, QN2: 950000.0, QC: 4.0 -> H2S: 0.108, NH3: 13.625
Simulating with QF: 0.6, QN1: 560000.0, QN2: 950000.0, QC: 3.0 -> H2S: 0.126, NH3: 14.606
Simulating with QF: 0.6, QN1: 560000.0, QN2: 950000.0, QC: 3.0 -> H2S: 0.126, NH3: 14.606
Simulating with QF: 0.43, QN1: 581719.0, QN2: 877299.0, QC: 3.01 -> H2S: 0.143, NH3: 15.989
Simulating with QF: 0.43, QN1: 581719.0, QN2: 877299.0, QC: 3.01 -> H2S: 0.143, NH3: 15.989
Simulating with QF: 0.33, QN1: 584422.0, QN2: 874856.0, QC: 3.01 -> H2S: 0.13, NH3: 15.338
Simulating with QF: 0.33, QN1: 584422.0, QN2: 874856.0, QC: 3.01 -> H2S: 0.13, NH3: 15.338
Simulating with QF: 0.3, QN1: 600000.0, QN2: 860285.0, QC: 3.93 -> H2S: 0.119, NH3: 14.868
Simulating with QF: 0.3, QN1: 600000.0, QN2: 860285.0, QC: 3.93 -> H2S: 0.119, NH3: 14.868
Simulating with QF: 0.3, QN1: 600000.0, QN2: 855724.0, QC: 4.92 -> H2S: 0.124, NH3: 15.197
Simulating with QF: 0.3, QN1: 600000.0, QN2: 855724.0, QC: 4.92 -> H2S: 0.124, NH3: 15.197
Simulating with QF: 0.3, QN1: 600000.0, QN2: 856925.0, QC: 2.93 -> H2S: 0.122, NH3: 15.113
Simulating with QF: 0.3, QN1: 600000.0, QN2: 856925.0, QC: 2.93 -> H2S: 0.122, NH3: 15.113
Simulating with QF: 0.3, QN1: 600000.0, QN2: 857915.0, QC: 3.93 -> H2S: 0.121, NH3: 15.04
Simulating with QF: 0.3, QN1: 600000.0, QN2: 857915.0, QC: 3.93 -> H2S: 0.121, NH3: 15.04
Simulating with QF: 0.3, QN1: 600000.0, QN2: 858332.0, QC: 4.93 -> H2S: 0.12, NH3: 15.011
Simulating with QF: 0.3, QN1: 600000.0, QN2: 858332.0, QC: 4.93 -> H2S: 0.12, NH3: 15.011
Simulating with QF: 0.29, QN1: 551282.0, QN2: 848322.0, QC: 4.93 -> H2S: 0.249, NH3: 20.835
Simulating with QF: 0.29, QN1: 551282.0, QN2: 848322.0, QC: 4.93 -> H2S: 0.249, NH3: 20.835
Simulating with QF: 0.31, QN1: 609078.0, QN2: 809875.0, QC: 4.93 -> H2S: 0.175, NH3: 18.063
Simulating with QF: 0.31, QN1: 609078.0, QN2: 809875.0, QC: 4.93 -> H2S: 0.175, NH3: 18.063
Simulating with QF: 0.3, QN1: 600000.0, QN2: 858408.0, QC: 3.93 -> H2S: 0.12, NH3: 15.009
Simulating with QF: 0.3, QN1: 600000.0, QN2: 858408.0, QC: 3.93 -> H2S: 0.12, NH3: 15.009
Simulating with QF: 0.35, QN1: 593354.0, QN2: 865519.0, QC: 4.93 -> H2S: 0.126, NH3: 15.294
Simulating with QF: 0.35, QN1: 593354.0, QN2: 865519.0, QC: 4.93 -> H2S: 0.126, NH3: 15.294
Simulating with QF: 0.3, QN1: 600000.0, QN2: 858407.0, QC: 3.93 -> H2S: 0.121, NH3: 15.007
Simulating with QF: 0.3, QN1: 600000.0, QN2: 858407.0, QC: 3.93 -> H2S: 0.121, NH3: 15.007
Simulating with QF: 0.3, QN1: 600000.0, QN2: 858470.0, QC: 4.93 -> H2S: 0.121, NH3: 15.002
Simulating with QF: 0.3, QN1: 600000.0, QN2: 858470.0, QC: 4.93 -> H2S: 0.121, NH3: 15.002
Simulating with QF: 0.3, QN1: 600000.0, QN2: 858492.0, QC: 3.93 -> H2S: 0.12, NH3: 15.002
Simulating with QF: 0.3, QN1: 600000.0, QN2: 858492.0, QC: 3.93 -> H2S: 0.12, NH3: 15.002
Simulating with QF: 0.3, QN1: 600000.0, QN2: 858496.0, QC: 4.43 -> H2S: 0.12, NH3: 15.002
Simulating with QF: 0.3, QN1: 600000.0, QN2: 858496.0, QC: 4.43 -> H2S: 0.12, NH3: 15.002
Simulating with QF: 0.3, QN1: 600000.0, QN2: 858495.0, QC: 5.0 -> H2S: 0.12, NH3: 15.002
Simulating with QF: 0.3, QN1: 600000.0, QN2: 858495.0, QC: 5.0 -> H2S: 0.12, NH3: 15.002
Simulating with QF: 0.3, QN1: 601153.0, QN2: 852414.0, QC: 4.93 -> H2S: 0.126, NH3: 15.337
Simulating with QF: 0.3, QN1: 601153.0, QN2: 852414.0, QC: 4.93 -> H2S: 0.126, NH3: 15.337
Simulating with QF: 0.3, QN1: 600000.0, QN2: 858458.0, QC: 4.8 -> H2S: 0.12, NH3: 15.007
Simulating with QF: 0.3, QN1: 600000.0, QN2: 858458.0, QC: 4.8 -> H2S: 0.12, NH3: 15.007
Simulating with QF: 0.3, QN1: 606086.0, QN2: 859738.0, QC: 4.93 -> H2S: 0.109, NH3: 14.419
Simulating with QF: 0.3, QN1: 606086.0, QN2: 859738.0, QC: 4.93 -> H2S: 0.109, NH3: 14.419
Simulating with QF: 0.3, QN1: 600000.0, QN2: 858471.0, QC: 5.0 -> H2S: 0.121, NH3: 14.998
Simulating with QF: 0.3, QN1: 600000.0, QN2: 858471.0, QC: 5.0 -> H2S: 0.121, NH3: 14.998
Simulating with QF: 0.31, QN1: 599169.0, QN2: 859353.0, QC: 5.0 -> H2S: 0.122, NH3: 15.027
Simulating with QF: 0.31, QN1: 599169.0, QN2: 859353.0, QC: 5.0 -> H2S: 0.122, NH3: 15.027
Simulating with QF: 0.3, QN1: 598478.0, QN2: 858155.0, QC: 5.0 -> H2S: 0.124, NH3: 15.148
Simulating with QF: 0.3, QN1: 598478.0, QN2: 858155.0, QC: 5.0 -> H2S: 0.124, NH3: 15.148
Simulating with QF: 0.3, QN1: 600288.0, QN2: 856957.0, QC: 5.0 -> H2S: 0.122, NH3: 15.08
Simulating with QF: 0.3, QN1: 600288.0, QN2: 856957.0, QC: 5.0 -> H2S: 0.122, NH3: 15.08
Simulating with QF: 0.3, QN1: 600000.0, QN2: 858471.0, QC: 4.98 -> H2S: 0.12, NH3: 15.004
Simulating with QF: 0.3, QN1: 600000.0, QN2: 858471.0, QC: 4.98 -> H2S: 0.12, NH3: 15.004
Simulating with QF: 0.3, QN1: 599896.0, QN2: 858582.0, QC: 5.0 -> H2S: 0.12, NH3: 14.996
Simulating with QF: 0.3, QN1: 599896.0, QN2: 858582.0, QC: 5.0 -> H2S: 0.12, NH3: 14.996
Simulating with QF: 0.3, QN1: 600000.0, QN2: 858375.0, QC: 5.0 -> H2S: 0.121, NH3: 15.058
Simulating with QF: 0.3, QN1: 600000.0, QN2: 858375.0, QC: 5.0 -> H2S: 0.121, NH3: 15.058
Optimal values: [np.float64(600000.0), np.float64(858471.4767427662), np.float64(5.0), np.float64(0.3)]
Minimum cost: 1458476.4767427663
Number of function evaluations: 31
Optimization success: True
Message: Optimization terminated successfully.
Maximum constraint violation (maxcv): -0.0
Simulating with QF: 0.3, QN1: 600000.0, QN2: 858471.0, QC: 5.0 -> H2S: 0.121, NH3: 15.01
Temperatures: 168.692512, 107.977126, 104.287105
