Simulating with QN1: 560000.0, QN2: 950000.0, QC: 3.0 -> H2S: 0.106, NH3: 13.633
Simulating with QN1: 560000.0, QN2: 950000.0, QC: 3.0 -> H2S: 0.106, NH3: 13.633
Simulating with QN1: 560000.0, QN2: 950000.0, QC: 3.0 -> H2S: 0.106, NH3: 13.633
Simulating with QN1: 560000.0, QN2: 950000.0, QC: 3.0 -> H2S: 0.106, NH3: 13.633
Simulating with QN1: 660000.0, QN2: 950000.0, QC: 3.0 -> H2S: 0.024, NH3: 7.697
Simulating with QN1: 660000.0, QN2: 950000.0, QC: 3.0 -> H2S: 0.024, NH3: 7.697
Simulating with QN1: 560000.0, QN2: 1050000.0, QC: 3.0 -> H2S: 0.044, NH3: 9.108
Simulating with QN1: 560000.0, QN2: 1050000.0, QC: 3.0 -> H2S: 0.044, NH3: 9.108
Simulating with QN1: 560000.0, QN2: 950000.0, QC: 4.0 -> H2S: 0.108, NH3: 13.625
Simulating with QN1: 560000.0, QN2: 950000.0, QC: 4.0 -> H2S: 0.108, NH3: 13.625
Simulating with QN1: 600000.0, QN2: 867259.0, QC: 3.39 -> H2S: 0.131, NH3: 15.491
Simulating with QN1: 600000.0, QN2: 867259.0, QC: 3.39 -> H2S: 0.131, NH3: 15.491
Simulating with QN1: 600000.0, QN2: 876710.0, QC: 4.39 -> H2S: 0.119, NH3: 14.827
Simulating with QN1: 600000.0, QN2: 876710.0, QC: 4.39 -> H2S: 0.119, NH3: 14.827
Simulating with QN1: 600000.0, QN2: 871083.0, QC: 5.0 -> H2S: 0.127, NH3: 15.221
Simulating with QN1: 600000.0, QN2: 871083.0, QC: 5.0 -> H2S: 0.127, NH3: 15.221
Simulating with QN1: 600000.0, QN2: 871495.0, QC: 4.89 -> H2S: 0.126, NH3: 15.194
Simulating with QN1: 600000.0, QN2: 871495.0, QC: 4.89 -> H2S: 0.126, NH3: 15.194
Simulating with QN1: 578385.0, QN2: 864217.0, QC: 4.38 -> H2S: 0.18, NH3: 17.889
Simulating with QN1: 578385.0, QN2: 864217.0, QC: 4.38 -> H2S: 0.18, NH3: 17.889
Simulating with QN1: 600000.0, QN2: 874210.0, QC: 4.89 -> H2S: 0.124, NH3: 14.977
Simulating with QN1: 600000.0, QN2: 874210.0, QC: 4.89 -> H2S: 0.124, NH3: 14.977
Simulating with QN1: 612548.0, QN2: 852615.0, QC: 4.88 -> H2S: 0.129, NH3: 15.407
Simulating with QN1: 612548.0, QN2: 852615.0, QC: 4.88 -> H2S: 0.129, NH3: 15.407
Simulating with QN1: 610811.0, QN2: 880476.0, QC: 4.89 -> H2S: 0.099, NH3: 13.69
Simulating with QN1: 610811.0, QN2: 880476.0, QC: 4.89 -> H2S: 0.099, NH3: 13.69
Simulating with QN1: 600000.0, QN2: 873815.0, QC: 5.0 -> H2S: 0.123, NH3: 15.031
Simulating with QN1: 600000.0, QN2: 873815.0, QC: 5.0 -> H2S: 0.123, NH3: 15.031
Simulating with QN1: 600000.0, QN2: 873413.0, QC: 4.76 -> H2S: 0.124, NH3: 15.059
Simulating with QN1: 600000.0, QN2: 873413.0, QC: 4.76 -> H2S: 0.124, NH3: 15.059
Simulating with QN1: 600000.0, QN2: 873653.0, QC: 4.95 -> H2S: 0.124, NH3: 15.042
Simulating with QN1: 600000.0, QN2: 873653.0, QC: 4.95 -> H2S: 0.124, NH3: 15.042
Simulating with QN1: 601568.0, QN2: 871518.0, QC: 4.89 -> H2S: 0.125, NH3: 15.038
Simulating with QN1: 601568.0, QN2: 871518.0, QC: 4.89 -> H2S: 0.125, NH3: 15.038
Simulating with QN1: 600000.0, QN2: 873509.0, QC: 4.83 -> H2S: 0.124, NH3: 15.053
Simulating with QN1: 600000.0, QN2: 873509.0, QC: 4.83 -> H2S: 0.124, NH3: 15.053
Simulating with QN1: 600000.0, QN2: 873697.0, QC: 4.86 -> H2S: 0.124, NH3: 15.038
Simulating with QN1: 600000.0, QN2: 873697.0, QC: 4.86 -> H2S: 0.124, NH3: 15.038
Simulating with QN1: 601340.0, QN2: 875002.0, QC: 4.89 -> H2S: 0.12, NH3: 14.831
Simulating with QN1: 601340.0, QN2: 875002.0, QC: 4.89 -> H2S: 0.12, NH3: 14.831
Simulating with QN1: 600000.0, QN2: 873428.0, QC: 4.92 -> H2S: 0.124, NH3: 15.059
Simulating with QN1: 600000.0, QN2: 873428.0, QC: 4.92 -> H2S: 0.124, NH3: 15.059
Simulating with QN1: 600000.0, QN2: 873650.0, QC: 4.9 -> H2S: 0.124, NH3: 15.041
Simulating with QN1: 600000.0, QN2: 873650.0, QC: 4.9 -> H2S: 0.124, NH3: 15.041
Simulating with QN1: 599818.0, QN2: 873795.0, QC: 4.88 -> H2S: 0.124, NH3: 15.04
Simulating with QN1: 599818.0, QN2: 873795.0, QC: 4.88 -> H2S: 0.124, NH3: 15.04
Simulating with QN1: 599007.0, QN2: 874311.0, QC: 4.89 -> H2S: 0.124, NH3: 15.086
Simulating with QN1: 599007.0, QN2: 874311.0, QC: 4.89 -> H2S: 0.124, NH3: 15.086
Optimal values: [np.float64(599006.6734375139), np.float64(874311.309237527), np.float64(4.889661852773862)]
Minimum cost: 1473322.8723368936
Number of function evaluations: 23
Optimization success: False
Message: Did not converge to a solution satisfying the constraints. See `maxcv` for magnitude of violation.
Maximum constraint violation (maxcv): 0.08578870000000016
Simulating with QN1: 599007.0, QN2: 874311.0, QC: 4.89 -> H2S: 0.124, NH3: 15.086
Temperatures: 168.618025, 107.9771, 104.267881
